<?xml version="1.0" encoding="UTF-8"?>
<!-- Generated by org.testng.reporters.JUnitXMLReporter -->
<testsuite ignored="0" hostname="MCSW63ZLPC0783" failures="1" tests="5" name="test2" time="149.926" errors="0" timestamp="2025-02-03T00:26:29 IST">
  <testcase classname="testlibraries.TC_06_addAddress" name="tc_06_addingAddress" time="13.875"/>
  <testcase classname="testlibraries.TC_07_DeleteAddress" name="tc_07_deleteAdd" time="11.853"/>
  <testcase classname="testlibraries.TC_08_ResetFilterAddToWishlist" name="tc_08_resetFilter" time="8.146">
    <failure type="org.openqa.selenium.ElementNotInteractableException" message="element not interactable
  (Session info: MicrosoftEdge=132.0.2957.127)
Build info: version: &amp;apos;4.27.0&amp;apos;, revision: &amp;apos;d6e718d134&amp;apos;
System info: os.name: &amp;apos;Windows 11&amp;apos;, os.arch: &amp;apos;amd64&amp;apos;, os.version: &amp;apos;10.0&amp;apos;, java.version: &amp;apos;21.0.3&amp;apos;
Driver info: org.openqa.selenium.edge.EdgeDriver
Command: [0f5f6ab4dc7d88070f071127ea5ecb50, sendKeysToElement {id=f.268DB1AFB6C0934D0A6352F22EA8C86B.d.F3021C79E67C31A0A743DAA5F9C132C5.e.565, value=[Ljava.lang.CharSequence;@1e734eee}]
Capabilities {acceptInsecureCerts: false, browserName: MicrosoftEdge, browserVersion: 132.0.2957.127, fedcm:accounts: true, ms:edgeOptions: {debuggerAddress: localhost:62899}, msedge: {msedgedriverVersion: 132.0.2957.140 (a81e27b375d..., userDataDir: C:\Users\ma114113\AppData\L...}, networkConnectionEnabled: false, pageLoadStrategy: normal, platformName: windows, proxy: Proxy(), se:cdp: ws://localhost:62899/devtoo..., se:cdpVersion: 132.0.2957.127, setWindowRect: true, strictFileInteractability: false, timeouts: {implicit: 0, pageLoad: 300000, script: 30000}, unhandledPromptBehavior: dismiss and notify, webauthn:extension:credBlob: true, webauthn:extension:largeBlob: true, webauthn:extension:minPinLength: true, webauthn:extension:prf: true, webauthn:virtualAuthenticators: true}
Element: [[EdgeDriver: MicrosoftEdge on windows (0f5f6ab4dc7d88070f071127ea5ecb50)] -&amp;gt; css selector: input[id=&amp;apos;filter.v.price.lte&amp;apos;]]
Session ID: 0f5f6ab4dc7d88070f071127ea5ecb50">
      <![CDATA[org.openqa.selenium.ElementNotInteractableException: element not interactable
  (Session info: MicrosoftEdge=132.0.2957.127)
Build info: version: '4.27.0', revision: 'd6e718d134'
System info: os.name: 'Windows 11', os.arch: 'amd64', os.version: '10.0', java.version: '21.0.3'
Driver info: org.openqa.selenium.edge.EdgeDriver
Command: [0f5f6ab4dc7d88070f071127ea5ecb50, sendKeysToElement {id=f.268DB1AFB6C0934D0A6352F22EA8C86B.d.F3021C79E67C31A0A743DAA5F9C132C5.e.565, value=[Ljava.lang.CharSequence;@1e734eee}]
Capabilities {acceptInsecureCerts: false, browserName: MicrosoftEdge, browserVersion: 132.0.2957.127, fedcm:accounts: true, ms:edgeOptions: {debuggerAddress: localhost:62899}, msedge: {msedgedriverVersion: 132.0.2957.140 (a81e27b375d..., userDataDir: C:\Users\ma114113\AppData\L...}, networkConnectionEnabled: false, pageLoadStrategy: normal, platformName: windows, proxy: Proxy(), se:cdp: ws://localhost:62899/devtoo..., se:cdpVersion: 132.0.2957.127, setWindowRect: true, strictFileInteractability: false, timeouts: {implicit: 0, pageLoad: 300000, script: 30000}, unhandledPromptBehavior: dismiss and notify, webauthn:extension:credBlob: true, webauthn:extension:largeBlob: true, webauthn:extension:minPinLength: true, webauthn:extension:prf: true, webauthn:virtualAuthenticators: true}
Element: [[EdgeDriver: MicrosoftEdge on windows (0f5f6ab4dc7d88070f071127ea5ecb50)] -> css selector: input[id='filter.v.price.lte']]
Session ID: 0f5f6ab4dc7d88070f071127ea5ecb50
at org.openqa.selenium.remote.ErrorCodec.decode(ErrorCodec.java:167)
at org.openqa.selenium.remote.codec.w3c.W3CHttpResponseCodec.decode(W3CHttpResponseCodec.java:138)
at org.openqa.selenium.remote.codec.w3c.W3CHttpResponseCodec.decode(W3CHttpResponseCodec.java:50)
at org.openqa.selenium.remote.HttpCommandExecutor.execute(HttpCommandExecutor.java:190)
at org.openqa.selenium.remote.service.DriverCommandExecutor.invokeExecute(DriverCommandExecutor.java:216)
at org.openqa.selenium.remote.service.DriverCommandExecutor.execute(DriverCommandExecutor.java:174)
at org.openqa.selenium.remote.RemoteWebDriver.execute(RemoteWebDriver.java:545)
at org.openqa.selenium.remote.RemoteWebElement.execute(RemoteWebElement.java:223)
at org.openqa.selenium.remote.RemoteWebElement.sendKeys(RemoteWebElement.java:110)
at org.openqa.selenium.support.pagefactory.internal.LocatingElementHandler.invoke(LocatingElementHandler.java:51)
at jdk.proxy2/jdk.proxy2.$Proxy28.sendKeys(Unknown Source)
at pom.ProductPage.sendKeysToPriceRange(ProductPage.java:183)
at testlibraries.TC_08_ResetFilterAddToWishlist.tc_08_resetFilter(TC_08_ResetFilterAddToWishlist.java:35)
at java.base/java.util.ArrayList.forEach(ArrayList.java:1596)
... Removed 30 stack frames]]>
    </failure>
  </testcase> <!-- tc_08_resetFilter -->
  <testcase classname="testlibraries.TC_09_AddToWhishLlistAndCart" name="tc_09_addToCart" time="15.334"/>
  <testcase classname="testlibraries.TC_10_ProductVerification" name="tc_10_verifyProduct" time="14.872"/>
</testsuite> <!-- test2 -->
