<?xml version="1.0" encoding="UTF-8"?>
<!-- Generated by org.testng.reporters.JUnitXMLReporter -->
<testsuite ignored="0" hostname="MCSW63ZLPC0783" failures="2" tests="10" name="Test" time="1685.177" errors="0" timestamp="2025-02-05T15:51:20 IST">
  <testcase classname="testlibraries.TC_01_AddingProductToCart" name="verifyAddToWhishlistAndCart" time="70.181">
    <failure type="org.openqa.selenium.StaleElementReferenceException" message="stale element reference: stale element not found in the current frame
  (Session info: MicrosoftEdge=132.0.2957.140)
For documentation on this error, please visit: https://www.selenium.dev/documentation/webdriver/troubleshooting/errors#stale-element-reference-exception
Build info: version: &amp;apos;4.27.0&amp;apos;, revision: &amp;apos;d6e718d134&amp;apos;
System info: os.name: &amp;apos;Windows 11&amp;apos;, os.arch: &amp;apos;amd64&amp;apos;, os.version: &amp;apos;10.0&amp;apos;, java.version: &amp;apos;21.0.5&amp;apos;
Driver info: org.openqa.selenium.edge.EdgeDriver
Command: [362b4b2e9384d87485d6a5bea31588bc, clickElement {id=f.92267386CB33FD4A05395125E81DCD4A.d.37BCDAF9AC3C989CB883AC5E3B0C3BFC.e.297}]
Capabilities {acceptInsecureCerts: false, browserName: MicrosoftEdge, browserVersion: 132.0.2957.140, fedcm:accounts: true, ms:edgeOptions: {debuggerAddress: localhost:54274}, msedge: {msedgedriverVersion: 132.0.2957.140 (a81e27b375d..., userDataDir: C:\Users\ma114113\AppData\L...}, networkConnectionEnabled: false, pageLoadStrategy: normal, platformName: windows, proxy: Proxy(), se:cdp: ws://localhost:54274/devtoo..., se:cdpVersion: 132.0.2957.140, setWindowRect: true, strictFileInteractability: false, timeouts: {implicit: 0, pageLoad: 300000, script: 30000}, unhandledPromptBehavior: dismiss and notify, webauthn:extension:credBlob: true, webauthn:extension:largeBlob: true, webauthn:extension:minPinLength: true, webauthn:extension:prf: true, webauthn:virtualAuthenticators: true}
Element: [[EdgeDriver: MicrosoftEdge on windows (362b4b2e9384d87485d6a5bea31588bc)] -&amp;gt; xpath: //div[contains(@class,&amp;apos;color-swatch&amp;apos;)]/div/label]
Session ID: 362b4b2e9384d87485d6a5bea31588bc">
      <![CDATA[org.openqa.selenium.StaleElementReferenceException: stale element reference: stale element not found in the current frame
  (Session info: MicrosoftEdge=132.0.2957.140)
For documentation on this error, please visit: https://www.selenium.dev/documentation/webdriver/troubleshooting/errors#stale-element-reference-exception
Build info: version: '4.27.0', revision: 'd6e718d134'
System info: os.name: 'Windows 11', os.arch: 'amd64', os.version: '10.0', java.version: '21.0.5'
Driver info: org.openqa.selenium.edge.EdgeDriver
Command: [362b4b2e9384d87485d6a5bea31588bc, clickElement {id=f.92267386CB33FD4A05395125E81DCD4A.d.37BCDAF9AC3C989CB883AC5E3B0C3BFC.e.297}]
Capabilities {acceptInsecureCerts: false, browserName: MicrosoftEdge, browserVersion: 132.0.2957.140, fedcm:accounts: true, ms:edgeOptions: {debuggerAddress: localhost:54274}, msedge: {msedgedriverVersion: 132.0.2957.140 (a81e27b375d..., userDataDir: C:\Users\ma114113\AppData\L...}, networkConnectionEnabled: false, pageLoadStrategy: normal, platformName: windows, proxy: Proxy(), se:cdp: ws://localhost:54274/devtoo..., se:cdpVersion: 132.0.2957.140, setWindowRect: true, strictFileInteractability: false, timeouts: {implicit: 0, pageLoad: 300000, script: 30000}, unhandledPromptBehavior: dismiss and notify, webauthn:extension:credBlob: true, webauthn:extension:largeBlob: true, webauthn:extension:minPinLength: true, webauthn:extension:prf: true, webauthn:virtualAuthenticators: true}
Element: [[EdgeDriver: MicrosoftEdge on windows (362b4b2e9384d87485d6a5bea31588bc)] -> xpath: //div[contains(@class,'color-swatch')]/div/label]
Session ID: 362b4b2e9384d87485d6a5bea31588bc
at org.openqa.selenium.remote.ErrorCodec.decode(ErrorCodec.java:167)
at org.openqa.selenium.remote.codec.w3c.W3CHttpResponseCodec.decode(W3CHttpResponseCodec.java:138)
at org.openqa.selenium.remote.codec.w3c.W3CHttpResponseCodec.decode(W3CHttpResponseCodec.java:50)
at org.openqa.selenium.remote.HttpCommandExecutor.execute(HttpCommandExecutor.java:190)
at org.openqa.selenium.remote.service.DriverCommandExecutor.invokeExecute(DriverCommandExecutor.java:216)
at org.openqa.selenium.remote.service.DriverCommandExecutor.execute(DriverCommandExecutor.java:174)
at org.openqa.selenium.remote.RemoteWebDriver.execute(RemoteWebDriver.java:545)
at org.openqa.selenium.remote.RemoteWebElement.execute(RemoteWebElement.java:223)
at org.openqa.selenium.remote.RemoteWebElement.click(RemoteWebElement.java:76)
at org.openqa.selenium.support.pagefactory.internal.LocatingElementHandler.invoke(LocatingElementHandler.java:51)
at jdk.proxy2/jdk.proxy2.$Proxy29.click(Unknown Source)
at pom.ProductPage.selectColor(ProductPage.java:111)
at testlibraries.TC_01_AddingProductToCart.verifyAddToWhishlistAndCart(TC_01_AddingProductToCart.java:64)
at java.base/java.util.ArrayList.forEach(ArrayList.java:1596)
... Removed 30 stack frames]]>
    </failure>
  </testcase> <!-- verifyAddToWhishlistAndCart -->
  <testcase classname="testlibraries.TC_02_HandTowelProductAdding" name="tc_02_addHandTowl" time="131.054"/>
  <testcase classname="testlibraries.TC_03_VerifyPincode" name="tc_03_VerifyPincode" time="112.726">
    <failure type="org.openqa.selenium.ElementNotInteractableException" message="element not interactable
  (Session info: MicrosoftEdge=132.0.2957.140)
Build info: version: &amp;apos;4.27.0&amp;apos;, revision: &amp;apos;d6e718d134&amp;apos;
System info: os.name: &amp;apos;Windows 11&amp;apos;, os.arch: &amp;apos;amd64&amp;apos;, os.version: &amp;apos;10.0&amp;apos;, java.version: &amp;apos;21.0.5&amp;apos;
Driver info: org.openqa.selenium.edge.EdgeDriver
Command: [b1d744049ce5981d37c7073bc1eb173d, clickElement {id=f.D0424D97F2A267412022ABB6EC66195B.d.F895444C18B1FDD93C7057DBAB626846.e.500}]
Capabilities {acceptInsecureCerts: false, browserName: MicrosoftEdge, browserVersion: 132.0.2957.140, fedcm:accounts: true, ms:edgeOptions: {debuggerAddress: localhost:55382}, msedge: {msedgedriverVersion: 132.0.2957.140 (a81e27b375d..., userDataDir: C:\Users\ma114113\AppData\L...}, networkConnectionEnabled: false, pageLoadStrategy: normal, platformName: windows, proxy: Proxy(), se:cdp: ws://localhost:55382/devtoo..., se:cdpVersion: 132.0.2957.140, setWindowRect: true, strictFileInteractability: false, timeouts: {implicit: 0, pageLoad: 300000, script: 30000}, unhandledPromptBehavior: dismiss and notify, webauthn:extension:credBlob: true, webauthn:extension:largeBlob: true, webauthn:extension:minPinLength: true, webauthn:extension:prf: true, webauthn:virtualAuthenticators: true}
Element: [[EdgeDriver: MicrosoftEdge on windows (b1d744049ce5981d37c7073bc1eb173d)] -&amp;gt; xpath: //li[@class=&amp;apos;linklist__item&amp;apos;]/a[text()=&amp;apos;Round Neck Sweaters&amp;apos;]]
Session ID: b1d744049ce5981d37c7073bc1eb173d">
      <![CDATA[org.openqa.selenium.ElementNotInteractableException: element not interactable
  (Session info: MicrosoftEdge=132.0.2957.140)
Build info: version: '4.27.0', revision: 'd6e718d134'
System info: os.name: 'Windows 11', os.arch: 'amd64', os.version: '10.0', java.version: '21.0.5'
Driver info: org.openqa.selenium.edge.EdgeDriver
Command: [b1d744049ce5981d37c7073bc1eb173d, clickElement {id=f.D0424D97F2A267412022ABB6EC66195B.d.F895444C18B1FDD93C7057DBAB626846.e.500}]
Capabilities {acceptInsecureCerts: false, browserName: MicrosoftEdge, browserVersion: 132.0.2957.140, fedcm:accounts: true, ms:edgeOptions: {debuggerAddress: localhost:55382}, msedge: {msedgedriverVersion: 132.0.2957.140 (a81e27b375d..., userDataDir: C:\Users\ma114113\AppData\L...}, networkConnectionEnabled: false, pageLoadStrategy: normal, platformName: windows, proxy: Proxy(), se:cdp: ws://localhost:55382/devtoo..., se:cdpVersion: 132.0.2957.140, setWindowRect: true, strictFileInteractability: false, timeouts: {implicit: 0, pageLoad: 300000, script: 30000}, unhandledPromptBehavior: dismiss and notify, webauthn:extension:credBlob: true, webauthn:extension:largeBlob: true, webauthn:extension:minPinLength: true, webauthn:extension:prf: true, webauthn:virtualAuthenticators: true}
Element: [[EdgeDriver: MicrosoftEdge on windows (b1d744049ce5981d37c7073bc1eb173d)] -> xpath: //li[@class='linklist__item']/a[text()='Round Neck Sweaters']]
Session ID: b1d744049ce5981d37c7073bc1eb173d
at org.openqa.selenium.remote.ErrorCodec.decode(ErrorCodec.java:167)
at org.openqa.selenium.remote.codec.w3c.W3CHttpResponseCodec.decode(W3CHttpResponseCodec.java:138)
at org.openqa.selenium.remote.codec.w3c.W3CHttpResponseCodec.decode(W3CHttpResponseCodec.java:50)
at org.openqa.selenium.remote.HttpCommandExecutor.execute(HttpCommandExecutor.java:190)
at org.openqa.selenium.remote.service.DriverCommandExecutor.invokeExecute(DriverCommandExecutor.java:216)
at org.openqa.selenium.remote.service.DriverCommandExecutor.execute(DriverCommandExecutor.java:174)
at org.openqa.selenium.remote.RemoteWebDriver.execute(RemoteWebDriver.java:545)
at org.openqa.selenium.remote.RemoteWebElement.execute(RemoteWebElement.java:223)
at org.openqa.selenium.remote.RemoteWebElement.click(RemoteWebElement.java:76)
at org.openqa.selenium.support.pagefactory.internal.LocatingElementHandler.invoke(LocatingElementHandler.java:51)
at jdk.proxy2/jdk.proxy2.$Proxy29.click(Unknown Source)
at pom.NavBar.clickRoundNeckSweaters(NavBar.java:63)
at testlibraries.TC_03_VerifyPincode.tc_03_VerifyPincode(TC_03_VerifyPincode.java:59)
at java.base/java.util.ArrayList.forEach(ArrayList.java:1596)
... Removed 30 stack frames]]>
    </failure>
  </testcase> <!-- tc_03_VerifyPincode -->
  <testcase classname="testlibraries.TC_04_InitiateCheckout" name="tc_04_initiateCheckout" time="199.853"/>
  <testcase classname="testlibraries.TC_05_ManufactureAddress" name="tc_05_ManufactureAdd" time="167.613"/>
  <testcase classname="testlibraries.TC_06_addAddress" name="tc_06_addingAddress" time="132.541"/>
  <testcase classname="testlibraries.TC_07_DeleteAddress" name="tc_07_deleteAdd" time="131.314"/>
  <testcase classname="testlibraries.TC_08_ResetFilterAddToWishlist" name="tc_08_resetFilter" time="129.844"/>
  <testcase classname="testlibraries.TC_09_AddToWhishLlistAndCart" name="tc_09_addToCart" time="73.364"/>
  <testcase classname="testlibraries.TC_10_ProductVerification" name="tc_10_verifyProduct" time="158.434"/>
</testsuite> <!-- Test -->
